<?xml version="1.0" encoding="UTF-8"?>
<!-- Generated by org.testng.reporters.JUnitReportReporter -->
<testsuite hostname="U4-DPE-CPU-0213" name="TestNG_Framework.TestNG_Annotation" tests="2" failures="0" timestamp="29 Feb 2016 04:49:29 GMT" time="0.008" errors="0">
  <testcase name="TestCase1" time="0.007" classname="TestNG_Framework.TestNG_Annotation"/>
  <testcase name="TestCase2" time="0.001" classname="TestNG_Framework.TestNG_Annotation"/>
</testsuite> <!-- TestNG_Framework.TestNG_Annotation -->
