<?xml version="1.0" encoding="UTF-8"?>
<!-- Generated by org.testng.reporters.JUnitReportReporter -->
<testsuite hostname="U4-DPE-CPU-0213" name="ToolsQAProject.MainTestClass" tests="1" failures="0" timestamp="21 Apr 2016 08:37:15 GMT" time="50.731" errors="0">
  <testcase name="TestStarter" time="50.731" classname="ToolsQAProject.MainTestClass"/>
</testsuite> <!-- ToolsQAProject.MainTestClass -->
