<?xml version="1.0" encoding="UTF-8"?>
<!-- Generated by org.testng.reporters.JUnitReportReporter -->
<testsuite hostname="U4-DPE-CPU-0213" name="P2P_Content_Services.P2PMainClass" tests="1" failures="0" timestamp="20 Apr 2016 10:34:47 GMT" time="48.463" errors="0">
  <testcase name="TestCaseExecution" time="48.463" classname="P2P_Content_Services.P2PMainClass"/>
</testsuite> <!-- P2P_Content_Services.P2PMainClass -->
