<?xml version="1.0" encoding="UTF-8"?>
<!-- Generated by org.testng.reporters.JUnitReportReporter -->
<testsuite hostname="U4-DPE-CPU-0213" name="TestNG_Framework.TestNG_Annotations" tests="2" failures="0" timestamp="29 Feb 2016 06:21:08 GMT" time="0.009" errors="0">
  <testcase name="TestCase1" time="0.007" classname="TestNG_Framework.TestNG_Annotations"/>
  <testcase name="TestCase2" time="0.002" classname="TestNG_Framework.TestNG_Annotations"/>
</testsuite> <!-- TestNG_Framework.TestNG_Annotations -->
