<?xml version="1.0" encoding="UTF-8"?>
<!-- Generated by org.testng.reporters.JUnitReportReporter -->
<testsuite hostname="U4-DPE-CPU-0213" name="ToolsQAProject.MainTestClass" tests="1" failures="0" timestamp="30 Mar 2016 07:06:26 GMT" time="63.201" errors="0">
  <testcase name="TestStarter" time="63.201" classname="ToolsQAProject.MainTestClass"/>
</testsuite> <!-- ToolsQAProject.MainTestClass -->
