<?xml version="1.0" encoding="UTF-8"?>
<!-- Generated by org.testng.reporters.JUnitReportReporter -->
<testsuite hostname="U4-DPE-CPU-0213" name="HoverMenu.MenuNavigator" tests="1" failures="0" timestamp="9 Mar 2016 10:53:47 GMT" time="2.635" errors="0">
  <testcase name="Navigate" time="2.635" classname="HoverMenu.MenuNavigator"/>
</testsuite> <!-- HoverMenu.MenuNavigator -->
